Arguments: 
  /opt/homebrew/Cellar/node/15.9.0/bin/node /opt/homebrew/bin/yarn add @open-web3/ormal-type-definitions

PATH: 
  /Users/clearloop/.rvm/gems/ruby-3.0.0/bin:/Users/clearloop/.rvm/gems/ruby-3.0.0@global/bin:/Users/clearloop/.rvm/rubies/ruby-3.0.0/bin:/opt/homebrew/opt/node@14/bin:/opt/homebrew/opt/libpq/bin:/opt/homebrew/opt/krb5/sbin:/opt/homebrew/opt/krb5/bin:/opt/homebrew/opt/llvm/bin:/opt/homebrew/bin:/Users/clearloop/.radicle/bin:/usr/local/share/android-sdk/emulator:/usr/local/share/android-sdk/platform-tools:/usr/local/share/android-sdk/tools/bin:/usr/local/share/android-sdk/tools:/Users/clearloop/.wabt/bin:/Users/clearloop/.wasmer/bin:/Users/clearloop/code/binaryen/bin:/Users/clearloop/Library/go/bin:/Users/clearloop/.config/npm/bin:/usr/local/opt/node@12/bin:/Users/clearloop/.cargo/bin:/usr/local/sbin:/Users/clearloop/.pub-cache/bin:/Users/clearloop/Library/bin:/usr/local/bin:/usr/bin:/bin:/usr/sbin:/sbin:/Library/Apple/usr/bin:/opt/homebrew/opt/node@14/bin:/opt/homebrew/opt/libpq/bin:/opt/homebrew/opt/krb5/sbin:/opt/homebrew/opt/krb5/bin:/opt/homebrew/opt/llvm/bin:/opt/homebrew/bin:/Users/clearloop/.radicle/bin:/usr/local/share/android-sdk/emulator:/usr/local/share/android-sdk/platform-tools:/usr/local/share/android-sdk/tools/bin:/usr/local/share/android-sdk/tools:/Users/clearloop/.wabt/bin:/Users/clearloop/.wasmer/bin:/Users/clearloop/code/binaryen/bin:/Users/clearloop/Library/go/bin:/Users/clearloop/.config/npm/bin:/usr/local/opt/node@12/bin:/Users/clearloop/.cargo/bin:/usr/local/sbin:/Users/clearloop/.pub-cache/bin:/Users/clearloop/Library/bin:/Users/clearloop/.rvm/gems/ruby-3.0.0/bin:/Users/clearloop/.rvm/gems/ruby-3.0.0@global/bin:/Users/clearloop/.rvm/rubies/ruby-3.0.0/bin:/Users/clearloop/Library/flutter/bin:/opt/flutter/bin:/Users/clearloop/.binaryen/bin:/Users/clearloop/.local/wabt/bin:/Users/clearloop/.rvm/bin:/Users/clearloop/Library/flutter/bin:/opt/flutter/bin:/Users/clearloop/.binaryen/bin:/Users/clearloop/.local/wabt/bin

Yarn version: 
  1.22.10

Node version: 
  15.9.0

Platform: 
  darwin arm64

Trace: 
  Error: https://registry.npm.taobao.org/@open-web3%2formal-type-definitions: Not found
      at Request.params.callback [as _callback] (/opt/homebrew/lib/node_modules/yarn/lib/cli.js:66988:18)
      at Request.self.callback (/opt/homebrew/lib/node_modules/yarn/lib/cli.js:140662:22)
      at Request.emit (node:events:378:20)
      at Request.<anonymous> (/opt/homebrew/lib/node_modules/yarn/lib/cli.js:141634:10)
      at Request.emit (node:events:378:20)
      at IncomingMessage.<anonymous> (/opt/homebrew/lib/node_modules/yarn/lib/cli.js:141556:12)
      at Object.onceWrapper (node:events:484:28)
      at IncomingMessage.emit (node:events:390:22)
      at endReadableNT (node:internal/streams/readable:1307:12)
      at processTicksAndRejections (node:internal/process/task_queues:81:21)

npm manifest: 
  {
    "name": "@pint/types",
    "version": "1.0.0",
    "description": "Bundled types to instantiate the Polkadot JS api with PINT",
    "main": "dist/index.js",
    "types": "dist/index.d.ts",
    "prepublish": "tsc",
    "scripts": {
      "build": "tsc"
    },
    "keywords": ["pint", "types", "polkadot", "api"],
    "repository": {
      "type": "git",
      "url": "git+https://github.com/ChainSafe/PINT.git"
    },
    "author": "ChainSafe Systems",
    "license": "GPL-3.0-only",
    "dependencies": {
      "@polkadot/keyring": "^6.3.1",
      "@polkadot/types": "^4.7.2"
    },
    "devDependencies": {
      "typescript": "^4.2.4"
    }
  }

yarn manifest: 
  No manifest

Lockfile: 
  # THIS IS AN AUTOGENERATED FILE. DO NOT EDIT THIS FILE DIRECTLY.
  # yarn lockfile v1
  
  
  "@babel/code-frame@^7.0.0":
    version "7.12.13"
    resolved "https://registry.nlark.com/@babel/code-frame/download/@babel/code-frame-7.12.13.tgz#dcfc826beef65e75c50e21d3837d7d95798dd658"
    integrity sha1-3PyCa+72XnXFDiHTg319lXmN1lg=
    dependencies:
      "@babel/highlight" "^7.12.13"
  
  "@babel/helper-validator-identifier@^7.14.0":
    version "7.14.0"
    resolved "https://registry.nlark.com/@babel/helper-validator-identifier/download/@babel/helper-validator-identifier-7.14.0.tgz?cache=0&sync_timestamp=1619727556616&other_urls=https%3A%2F%2Fregistry.nlark.com%2F%40babel%2Fhelper-validator-identifier%2Fdownload%2F%40babel%2Fhelper-validator-identifier-7.14.0.tgz#d26cad8a47c65286b15df1547319a5d0bcf27288"
    integrity sha1-0mytikfGUoaxXfFUcxml0Lzycog=
  
  "@babel/highlight@^7.12.13":
    version "7.14.0"
    resolved "https://registry.nlark.com/@babel/highlight/download/@babel/highlight-7.14.0.tgz?cache=0&other_urls=https%3A%2F%2Fregistry.nlark.com%2F%40babel%2Fhighlight%2Fdownload%2F%40babel%2Fhighlight-7.14.0.tgz#3197e375711ef6bf834e67d0daec88e4f46113cf"
    integrity sha1-MZfjdXEe9r+DTmfQ2uyI5PRhE88=
    dependencies:
      "@babel/helper-validator-identifier" "^7.14.0"
      chalk "^2.0.0"
      js-tokens "^4.0.0"
  
  "@babel/runtime@^7.13.9", "@babel/runtime@^7.14.0":
    version "7.14.0"
    resolved "https://registry.nlark.com/@babel/runtime/download/@babel/runtime-7.14.0.tgz?cache=0&sync_timestamp=1619727501090&other_urls=https%3A%2F%2Fregistry.nlark.com%2F%40babel%2Fruntime%2Fdownload%2F%40babel%2Fruntime-7.14.0.tgz#46794bc20b612c5f75e62dd071e24dfd95f1cbe6"
    integrity sha1-RnlLwgthLF915i3QceJN/ZXxy+Y=
    dependencies:
      regenerator-runtime "^0.13.4"
  
  "@polkadot/api-derive@4.11.2":
    version "4.11.2"
    resolved "https://registry.nlark.com/@polkadot/api-derive/download/@polkadot/api-derive-4.11.2.tgz#e462a30e82319c83e91369ebb9a952c16bfc50db"
    integrity sha1-5GKjDoIxnIPpE2nrualSwWv8UNs=
    dependencies:
      "@babel/runtime" "^7.14.0"
      "@polkadot/api" "4.11.2"
      "@polkadot/rpc-core" "4.11.2"
      "@polkadot/types" "4.11.2"
      "@polkadot/util" "^6.5.1"
      "@polkadot/util-crypto" "^6.5.1"
      "@polkadot/x-rxjs" "^6.5.1"
      bn.js "^4.11.9"
  
  "@polkadot/api@4.11.2", "@polkadot/api@^4.11.2":
    version "4.11.2"
    resolved "https://registry.nlark.com/@polkadot/api/download/@polkadot/api-4.11.2.tgz#5d531fbc30f5b0315e329f71052b9abf8c8952a0"
    integrity sha1-XVMfvDD1sDFeMp9xBSuav4yJUqA=
    dependencies:
      "@babel/runtime" "^7.14.0"
      "@polkadot/api-derive" "4.11.2"
      "@polkadot/keyring" "^6.5.1"
      "@polkadot/metadata" "4.11.2"
      "@polkadot/rpc-core" "4.11.2"
      "@polkadot/rpc-provider" "4.11.2"
      "@polkadot/types" "4.11.2"
      "@polkadot/types-known" "4.11.2"
      "@polkadot/util" "^6.5.1"
      "@polkadot/util-crypto" "^6.5.1"
      "@polkadot/x-rxjs" "^6.5.1"
      bn.js "^4.11.9"
      eventemitter3 "^4.0.7"
  
  "@polkadot/keyring@^6.3.1", "@polkadot/keyring@^6.5.1":
    version "6.5.1"
    resolved "https://registry.nlark.com/@polkadot/keyring/download/@polkadot/keyring-6.5.1.tgz#6ef650514cf7a890bd1e04ad793574ed4354d2ff"
    integrity sha1-bvZQUUz3qJC9HgSteTV07UNU0v8=
    dependencies:
      "@babel/runtime" "^7.14.0"
      "@polkadot/util" "6.5.1"
      "@polkadot/util-crypto" "6.5.1"
  
  "@polkadot/metadata@4.11.2":
    version "4.11.2"
    resolved "https://registry.nlark.com/@polkadot/metadata/download/@polkadot/metadata-4.11.2.tgz?cache=0&sync_timestamp=1622107239041&other_urls=https%3A%2F%2Fregistry.nlark.com%2F%40polkadot%2Fmetadata%2Fdownload%2F%40polkadot%2Fmetadata-4.11.2.tgz#eacf7e1a720a4b32e48e0f295d0fb7e0099d75d2"
    integrity sha1-6s9+GnIKSzLkjg8pXQ+34AmdddI=
    dependencies:
      "@babel/runtime" "^7.14.0"
      "@polkadot/types" "4.11.2"
      "@polkadot/types-known" "4.11.2"
      "@polkadot/util" "^6.5.1"
      "@polkadot/util-crypto" "^6.5.1"
      bn.js "^4.11.9"
  
  "@polkadot/networks@6.5.1", "@polkadot/networks@^6.5.1":
    version "6.5.1"
    resolved "https://registry.nlark.com/@polkadot/networks/download/@polkadot/networks-6.5.1.tgz#97c29922a924286919927149f5ba869026d07a53"
    integrity sha1-l8KZIqkkKGkZknFJ9bqGkCbQelM=
    dependencies:
      "@babel/runtime" "^7.14.0"
  
  "@polkadot/rpc-core@4.11.2":
    version "4.11.2"
    resolved "https://registry.nlark.com/@polkadot/rpc-core/download/@polkadot/rpc-core-4.11.2.tgz#b59112874d6dfd162fc93ec4f32f7a1962bfce71"
    integrity sha1-tZESh01t/RYvyT7E8y96GWK/znE=
    dependencies:
      "@babel/runtime" "^7.14.0"
      "@polkadot/metadata" "4.11.2"
      "@polkadot/rpc-provider" "4.11.2"
      "@polkadot/types" "4.11.2"
      "@polkadot/util" "^6.5.1"
      "@polkadot/x-rxjs" "^6.5.1"
  
  "@polkadot/rpc-provider@4.11.2":
    version "4.11.2"
    resolved "https://registry.nlark.com/@polkadot/rpc-provider/download/@polkadot/rpc-provider-4.11.2.tgz#6f214d55ff2d39a9b625ccef8ed7bff9d12a9048"
    integrity sha1-byFNVf8tOam2Jczvjte/+dEqkEg=
    dependencies:
      "@babel/runtime" "^7.14.0"
      "@polkadot/types" "4.11.2"
      "@polkadot/util" "^6.5.1"
      "@polkadot/util-crypto" "^6.5.1"
      "@polkadot/x-fetch" "^6.5.1"
      "@polkadot/x-global" "^6.5.1"
      "@polkadot/x-ws" "^6.5.1"
      bn.js "^4.11.9"
      eventemitter3 "^4.0.7"
  
  "@polkadot/types-known@4.11.2":
    version "4.11.2"
    resolved "https://registry.nlark.com/@polkadot/types-known/download/@polkadot/types-known-4.11.2.tgz#098b8d730dd353ade79fa8ffab8b7ff60ba247d8"
    integrity sha1-CYuNcw3TU63nn6j/q4t/9guiR9g=
    dependencies:
      "@babel/runtime" "^7.14.0"
      "@polkadot/networks" "^6.5.1"
      "@polkadot/types" "4.11.2"
      "@polkadot/util" "^6.5.1"
      bn.js "^4.11.9"
  
  "@polkadot/types@4.11.2", "@polkadot/types@^4.11.2", "@polkadot/types@^4.7.2":
    version "4.11.2"
    resolved "https://registry.nlark.com/@polkadot/types/download/@polkadot/types-4.11.2.tgz#1067ec8dfd908fb434d29c44064a72409c4d5557"
    integrity sha1-EGfsjf2Qj7Q00pxEBkpyQJxNVVc=
    dependencies:
      "@babel/runtime" "^7.14.0"
      "@polkadot/metadata" "4.11.2"
      "@polkadot/util" "^6.5.1"
      "@polkadot/util-crypto" "^6.5.1"
      "@polkadot/x-rxjs" "^6.5.1"
      "@types/bn.js" "^4.11.6"
      bn.js "^4.11.9"
  
  "@polkadot/util-crypto@6.5.1", "@polkadot/util-crypto@^6.5.1":
    version "6.5.1"
    resolved "https://registry.nlark.com/@polkadot/util-crypto/download/@polkadot/util-crypto-6.5.1.tgz#d0b63eaa2372665fd2b0610c36444962bc751b68"
    integrity sha1-0LY+qiNyZl/SsGEMNkRJYrx1G2g=
    dependencies:
      "@babel/runtime" "^7.14.0"
      "@polkadot/networks" "6.5.1"
      "@polkadot/util" "6.5.1"
      "@polkadot/wasm-crypto" "^4.0.2"
      "@polkadot/x-randomvalues" "6.5.1"
      base-x "^3.0.8"
      base64-js "^1.5.1"
      blakejs "^1.1.0"
      bn.js "^4.11.9"
      create-hash "^1.2.0"
      elliptic "^6.5.4"
      hash.js "^1.1.7"
      js-sha3 "^0.8.0"
      scryptsy "^2.1.0"
      tweetnacl "^1.0.3"
      xxhashjs "^0.2.2"
  
  "@polkadot/util@6.5.1", "@polkadot/util@^6.5.1":
    version "6.5.1"
    resolved "https://registry.nlark.com/@polkadot/util/download/@polkadot/util-6.5.1.tgz#27f75c53df9e990ed37c2edf7aab87ac1a63afb5"
    integrity sha1-J/dcU9+emQ7TfC7fequHrBpjr7U=
    dependencies:
      "@babel/runtime" "^7.14.0"
      "@polkadot/x-textdecoder" "6.5.1"
      "@polkadot/x-textencoder" "6.5.1"
      "@types/bn.js" "^4.11.6"
      bn.js "^4.11.9"
      camelcase "^5.3.1"
      ip-regex "^4.3.0"
  
  "@polkadot/wasm-crypto-asmjs@^4.0.2":
    version "4.0.2"
    resolved "https://registry.nlark.com/@polkadot/wasm-crypto-asmjs/download/@polkadot/wasm-crypto-asmjs-4.0.2.tgz#f42c353a64e1243841daf90e4bd54eff01a4e3cf"
    integrity sha1-9Cw1OmThJDhB2vkOS9VO/wGk488=
    dependencies:
      "@babel/runtime" "^7.13.9"
  
  "@polkadot/wasm-crypto-wasm@^4.0.2":
    version "4.0.2"
    resolved "https://registry.nlark.com/@polkadot/wasm-crypto-wasm/download/@polkadot/wasm-crypto-wasm-4.0.2.tgz#89f9e0a1e4d076784d4a42bea37fc8b06bdd8bb6"
    integrity sha1-ifngoeTQdnhNSkK+o3/IsGvdi7Y=
    dependencies:
      "@babel/runtime" "^7.13.9"
  
  "@polkadot/wasm-crypto@^4.0.2":
    version "4.0.2"
    resolved "https://registry.nlark.com/@polkadot/wasm-crypto/download/@polkadot/wasm-crypto-4.0.2.tgz#9649057adee8383cc86433d107ba526b718c5a3b"
    integrity sha1-lkkFet7oODzIZDPRB7pSa3GMWjs=
    dependencies:
      "@babel/runtime" "^7.13.9"
      "@polkadot/wasm-crypto-asmjs" "^4.0.2"
      "@polkadot/wasm-crypto-wasm" "^4.0.2"
  
  "@polkadot/x-fetch@^6.5.1":
    version "6.5.1"
    resolved "https://registry.nlark.com/@polkadot/x-fetch/download/@polkadot/x-fetch-6.5.1.tgz#94dec3e81637b55a1270d7bf7bd4cdc0ae22ad08"
    integrity sha1-lN7D6BY3tVoScNe/e9TNwK4irQg=
    dependencies:
      "@babel/runtime" "^7.14.0"
      "@polkadot/x-global" "6.5.1"
      "@types/node-fetch" "^2.5.10"
      node-fetch "^2.6.1"
  
  "@polkadot/x-global@6.5.1", "@polkadot/x-global@^6.5.1":
    version "6.5.1"
    resolved "https://registry.nlark.com/@polkadot/x-global/download/@polkadot/x-global-6.5.1.tgz#cdc42c200cd0182845284d237c3cd55fbf89898d"
    integrity sha1-zcQsIAzQGChFKE0jfDzVX7+JiY0=
    dependencies:
      "@babel/runtime" "^7.14.0"
      "@types/node-fetch" "^2.5.10"
      node-fetch "^2.6.1"
  
  "@polkadot/x-randomvalues@6.5.1":
    version "6.5.1"
    resolved "https://registry.nlark.com/@polkadot/x-randomvalues/download/@polkadot/x-randomvalues-6.5.1.tgz#e04fb8f149ee1b6921e668ed22b5d65c0dfce8f2"
    integrity sha1-4E+48UnuG2kh5mjtIrXWXA386PI=
    dependencies:
      "@babel/runtime" "^7.14.0"
      "@polkadot/x-global" "6.5.1"
  
  "@polkadot/x-rxjs@^6.5.1":
    version "6.5.1"
    resolved "https://registry.nlark.com/@polkadot/x-rxjs/download/@polkadot/x-rxjs-6.5.1.tgz#4a4e3a6743bf15cc086edc57b4ee4d800274c073"
    integrity sha1-Sk46Z0O/FcwIbtxXtO5NgAJ0wHM=
    dependencies:
      "@babel/runtime" "^7.14.0"
      rxjs "^6.6.7"
  
  "@polkadot/x-textdecoder@6.5.1":
    version "6.5.1"
    resolved "https://registry.nlark.com/@polkadot/x-textdecoder/download/@polkadot/x-textdecoder-6.5.1.tgz#430f9fa5e4f348effb0fb5b793fef49ae97a361a"
    integrity sha1-Qw+fpeTzSO/7D7W3k/70mul6Nho=
    dependencies:
      "@babel/runtime" "^7.14.0"
      "@polkadot/x-global" "6.5.1"
  
  "@polkadot/x-textencoder@6.5.1":
    version "6.5.1"
    resolved "https://registry.nlark.com/@polkadot/x-textencoder/download/@polkadot/x-textencoder-6.5.1.tgz#06c66f0c5a1857d22729cebc9d72b4e404a81bf2"
    integrity sha1-BsZvDFoYV9InKc68nXK05ASoG/I=
    dependencies:
      "@babel/runtime" "^7.14.0"
      "@polkadot/x-global" "6.5.1"
  
  "@polkadot/x-ws@^6.5.1":
    version "6.5.1"
    resolved "https://registry.nlark.com/@polkadot/x-ws/download/@polkadot/x-ws-6.5.1.tgz#662076ee835108381e83b7f6b1da3e8c60d27a70"
    integrity sha1-ZiB27oNRCDgeg7f2sdo+jGDSenA=
    dependencies:
      "@babel/runtime" "^7.14.0"
      "@polkadot/x-global" "6.5.1"
      "@types/websocket" "^1.0.2"
      websocket "^1.0.34"
  
  "@tsconfig/node10@^1.0.7":
    version "1.0.7"
    resolved "https://registry.nlark.com/@tsconfig/node10/download/@tsconfig/node10-1.0.7.tgz#1eb1de36c73478a2479cc661ef5af1c16d86d606"
    integrity sha1-HrHeNsc0eKJHnMZh71rxwW2G1gY=
  
  "@tsconfig/node12@^1.0.7":
    version "1.0.7"
    resolved "https://registry.nlark.com/@tsconfig/node12/download/@tsconfig/node12-1.0.7.tgz#677bd9117e8164dc319987dd6ff5fc1ba6fbf18b"
    integrity sha1-Z3vZEX6BZNwxmYfdb/X8G6b78Ys=
  
  "@tsconfig/node14@^1.0.0":
    version "1.0.0"
    resolved "https://registry.nlark.com/@tsconfig/node14/download/@tsconfig/node14-1.0.0.tgz#5bd046e508b1ee90bc091766758838741fdefd6e"
    integrity sha1-W9BG5Qix7pC8CRdmdYg4dB/e/W4=
  
  "@tsconfig/node16@^1.0.1":
    version "1.0.1"
    resolved "https://registry.nlark.com/@tsconfig/node16/download/@tsconfig/node16-1.0.1.tgz#a6ca6a9a0ff366af433f42f5f0e124794ff6b8f1"
    integrity sha1-pspqmg/zZq9DP0L18OEkeU/2uPE=
  
  "@types/bn.js@^4.11.6":
    version "4.11.6"
    resolved "https://registry.nlark.com/@types/bn.js/download/@types/bn.js-4.11.6.tgz#c306c70d9358aaea33cd4eda092a742b9505967c"
    integrity sha1-wwbHDZNYquozzU7aCSp0K5UFlnw=
    dependencies:
      "@types/node" "*"
  
  "@types/node-fetch@^2.5.10":
    version "2.5.10"
    resolved "https://registry.nlark.com/@types/node-fetch/download/@types/node-fetch-2.5.10.tgz#9b4d4a0425562f9fcea70b12cb3fcdd946ca8132"
    integrity sha1-m01KBCVWL5/OpwsSyz/N2UbKgTI=
    dependencies:
      "@types/node" "*"
      form-data "^3.0.0"
  
  "@types/node@*", "@types/node@^15.3.1":
    version "15.6.1"
    resolved "https://registry.nlark.com/@types/node/download/@types/node-15.6.1.tgz#32d43390d5c62c5b6ec486a9bc9c59544de39a08"
    integrity sha1-MtQzkNXGLFtuxIapvJxZVE3jmgg=
  
  "@types/websocket@^1.0.2":
    version "1.0.2"
    resolved "https://registry.nlark.com/@types/websocket/download/@types/websocket-1.0.2.tgz?cache=0&sync_timestamp=1621244924715&other_urls=https%3A%2F%2Fregistry.nlark.com%2F%40types%2Fwebsocket%2Fdownload%2F%40types%2Fwebsocket-1.0.2.tgz#d2855c6a312b7da73ed16ba6781815bf30c6187a"
    integrity sha1-0oVcajErfac+0WumeBgVvzDGGHo=
    dependencies:
      "@types/node" "*"
  
  ansi-styles@^3.2.1:
    version "3.2.1"
    resolved "https://registry.nlark.com/ansi-styles/download/ansi-styles-3.2.1.tgz?cache=0&sync_timestamp=1618995588464&other_urls=https%3A%2F%2Fregistry.nlark.com%2Fansi-styles%2Fdownload%2Fansi-styles-3.2.1.tgz#41fbb20243e50b12be0f04b8dedbf07520ce841d"
    integrity sha1-QfuyAkPlCxK+DwS43tvwdSDOhB0=
    dependencies:
      color-convert "^1.9.0"
  
  arg@^4.1.0:
    version "4.1.3"
    resolved "https://registry.npm.taobao.org/arg/download/arg-4.1.3.tgz?cache=0&sync_timestamp=1605576950209&other_urls=https%3A%2F%2Fregistry.npm.taobao.org%2Farg%2Fdownload%2Farg-4.1.3.tgz#269fc7ad5b8e42cb63c896d5666017261c144089"
    integrity sha1-Jp/HrVuOQstjyJbVZmAXJhwUQIk=
  
  argparse@^1.0.7:
    version "1.0.10"
    resolved "https://registry.nlark.com/argparse/download/argparse-1.0.10.tgz#bcd6791ea5ae09725e17e5ad988134cd40b3d911"
    integrity sha1-vNZ5HqWuCXJeF+WtmIE0zUCz2RE=
    dependencies:
      sprintf-js "~1.0.2"
  
  asynckit@^0.4.0:
    version "0.4.0"
    resolved "https://registry.npm.taobao.org/asynckit/download/asynckit-0.4.0.tgz#c79ed97f7f34cb8f2ba1bc9790bcc366474b4b79"
    integrity sha1-x57Zf380y48robyXkLzDZkdLS3k=
  
  balanced-match@^1.0.0:
    version "1.0.2"
    resolved "https://registry.npm.taobao.org/balanced-match/download/balanced-match-1.0.2.tgz?cache=0&sync_timestamp=1617714233441&other_urls=https%3A%2F%2Fregistry.npm.taobao.org%2Fbalanced-match%2Fdownload%2Fbalanced-match-1.0.2.tgz#e83e3a7e3f300b34cb9d87f615fa0cbf357690ee"
    integrity sha1-6D46fj8wCzTLnYf2FfoMvzV2kO4=
  
  base-x@^3.0.8:
    version "3.0.8"
    resolved "https://registry.npm.taobao.org/base-x/download/base-x-3.0.8.tgz#1e1106c2537f0162e8b52474a557ebb09000018d"
    integrity sha1-HhEGwlN/AWLotSR0pVfrsJAAAY0=
    dependencies:
      safe-buffer "^5.0.1"
  
  base64-js@^1.5.1:
    version "1.5.1"
    resolved "https://registry.nlark.com/base64-js/download/base64-js-1.5.1.tgz#1b1b440160a5bf7ad40b650f095963481903930a"
    integrity sha1-GxtEAWClv3rUC2UPCVljSBkDkwo=
  
  blakejs@^1.1.0:
    version "1.1.0"
    resolved "https://registry.npm.taobao.org/blakejs/download/blakejs-1.1.0.tgz#69df92ef953aa88ca51a32df6ab1c54a155fc7a5"
    integrity sha1-ad+S75U6qIylGjLfarHFShVfx6U=
  
  bn.js@^4.11.9:
    version "4.12.0"
    resolved "https://registry.npm.taobao.org/bn.js/download/bn.js-4.12.0.tgz#775b3f278efbb9718eec7361f483fb36fbbfea88"
    integrity sha1-d1s/J477uXGO7HNh9IP7Nvu/6og=
  
  brace-expansion@^1.1.7:
    version "1.1.11"
    resolved "https://registry.nlark.com/brace-expansion/download/brace-expansion-1.1.11.tgz#3c7fcbf529d87226f3d2f52b966ff5271eb441dd"
    integrity sha1-PH/L9SnYcibz0vUrlm/1Jx60Qd0=
    dependencies:
      balanced-match "^1.0.0"
      concat-map "0.0.1"
  
  brorand@^1.1.0:
    version "1.1.0"
    resolved "https://registry.npm.taobao.org/brorand/download/brorand-1.1.0.tgz#12c25efe40a45e3c323eb8675a0a0ce57b22371f"
    integrity sha1-EsJe/kCkXjwyPrhnWgoM5XsiNx8=
  
  buffer-from@^1.0.0:
    version "1.1.1"
    resolved "https://registry.nlark.com/buffer-from/download/buffer-from-1.1.1.tgz#32713bc028f75c02fdb710d7c7bcec1f2c6070ef"
    integrity sha1-MnE7wCj3XAL9txDXx7zsHyxgcO8=
  
  bufferutil@^4.0.1:
    version "4.0.3"
    resolved "https://registry.npm.taobao.org/bufferutil/download/bufferutil-4.0.3.tgz?cache=0&sync_timestamp=1609618802475&other_urls=https%3A%2F%2Fregistry.npm.taobao.org%2Fbufferutil%2Fdownload%2Fbufferutil-4.0.3.tgz#66724b756bed23cd7c28c4d306d7994f9943cc6b"
    integrity sha1-ZnJLdWvtI818KMTTBteZT5lDzGs=
    dependencies:
      node-gyp-build "^4.2.0"
  
  builtin-modules@^1.1.1:
    version "1.1.1"
    resolved "https://registry.npm.taobao.org/builtin-modules/download/builtin-modules-1.1.1.tgz#270f076c5a72c02f5b65a47df94c5fe3a278892f"
    integrity sha1-Jw8HbFpywC9bZaR9+Uxf46J4iS8=
  
  camelcase@^5.3.1:
    version "5.3.1"
    resolved "https://registry.npm.taobao.org/camelcase/download/camelcase-5.3.1.tgz#e3c9b31569e106811df242f715725a1f4c494320"
    integrity sha1-48mzFWnhBoEd8kL3FXJaH0xJQyA=
  
  chalk@^2.0.0, chalk@^2.3.0:
    version "2.4.2"
    resolved "https://registry.nlark.com/chalk/download/chalk-2.4.2.tgz#cd42541677a54333cf541a49108c1432b44c9424"
    integrity sha1-zUJUFnelQzPPVBpJEIwUMrRMlCQ=
    dependencies:
      ansi-styles "^3.2.1"
      escape-string-regexp "^1.0.5"
      supports-color "^5.3.0"
  
  cipher-base@^1.0.1:
    version "1.0.4"
    resolved "https://registry.nlark.com/cipher-base/download/cipher-base-1.0.4.tgz#8760e4ecc272f4c363532f926d874aae2c1397de"
    integrity sha1-h2Dk7MJy9MNjUy+SbYdKriwTl94=
    dependencies:
      inherits "^2.0.1"
      safe-buffer "^5.0.1"
  
  color-convert@^1.9.0:
    version "1.9.3"
    resolved "https://registry.nlark.com/color-convert/download/color-convert-1.9.3.tgz#bb71850690e1f136567de629d2d5471deda4c1e8"
    integrity sha1-u3GFBpDh8TZWfeYp0tVHHe2kweg=
    dependencies:
      color-name "1.1.3"
  
  color-name@1.1.3:
    version "1.1.3"
    resolved "https://registry.npm.taobao.org/color-name/download/color-name-1.1.3.tgz#a7d0558bd89c42f795dd42328f740831ca53bc25"
    integrity sha1-p9BVi9icQveV3UIyj3QIMcpTvCU=
  
  combined-stream@^1.0.8:
    version "1.0.8"
    resolved "https://registry.nlark.com/combined-stream/download/combined-stream-1.0.8.tgz#c3d45a8b34fd730631a110a8a2520682b31d5a7f"
    integrity sha1-w9RaizT9cwYxoRCoolIGgrMdWn8=
    dependencies:
      delayed-stream "~1.0.0"
  
  commander@^2.12.1:
    version "2.20.3"
    resolved "https://registry.nlark.com/commander/download/commander-2.20.3.tgz#fd485e84c03eb4881c20722ba48035e8531aeb33"
    integrity sha1-/UhehMA+tIgcIHIrpIA16FMa6zM=
  
  concat-map@0.0.1:
    version "0.0.1"
    resolved "https://registry.npm.taobao.org/concat-map/download/concat-map-0.0.1.tgz#d8a96bd77fd68df7793a73036a3ba0d5405d477b"
    integrity sha1-2Klr13/Wjfd5OnMDajug1UBdR3s=
  
  create-hash@^1.2.0:
    version "1.2.0"
    resolved "https://registry.nlark.com/create-hash/download/create-hash-1.2.0.tgz#889078af11a63756bcfb59bd221996be3a9ef196"
    integrity sha1-iJB4rxGmN1a8+1m9IhmWvjqe8ZY=
    dependencies:
      cipher-base "^1.0.1"
      inherits "^2.0.1"
      md5.js "^1.3.4"
      ripemd160 "^2.0.1"
      sha.js "^2.4.0"
  
  create-require@^1.1.0:
    version "1.1.1"
    resolved "https://registry.npm.taobao.org/create-require/download/create-require-1.1.1.tgz#c1d7e8f1e5f6cfc9ff65f9cd352d37348756c333"
    integrity sha1-wdfo8eX2z8n/ZfnNNS03NIdWwzM=
  
  cuint@^0.2.2:
    version "0.2.2"
    resolved "https://registry.nlark.com/cuint/download/cuint-0.2.2.tgz#408086d409550c2631155619e9fa7bcadc3b991b"
    integrity sha1-QICG1AlVDCYxFVYZ6fp7ytw7mRs=
  
  d@1, d@^1.0.1:
    version "1.0.1"
    resolved "https://registry.npm.taobao.org/d/download/d-1.0.1.tgz#8698095372d58dbee346ffd0c7093f99f8f9eb5a"
    integrity sha1-hpgJU3LVjb7jRv/Qxwk/mfj561o=
    dependencies:
      es5-ext "^0.10.50"
      type "^1.0.1"
  
  debug@^2.2.0:
    version "2.6.9"
    resolved "https://registry.npm.taobao.org/debug/download/debug-2.6.9.tgz?cache=0&sync_timestamp=1614330710870&other_urls=https%3A%2F%2Fregistry.npm.taobao.org%2Fdebug%2Fdownload%2Fdebug-2.6.9.tgz#5d128515df134ff327e90a4c93f4e077a536341f"
    integrity sha1-XRKFFd8TT/Mn6QpMk/Tgd6U2NB8=
    dependencies:
      ms "2.0.0"
  
  delayed-stream@~1.0.0:
    version "1.0.0"
    resolved "https://registry.nlark.com/delayed-stream/download/delayed-stream-1.0.0.tgz#df3ae199acadfb7d440aaae0b29e2272b24ec619"
    integrity sha1-3zrhmayt+31ECqrgsp4icrJOxhk=
  
  diff@^4.0.1:
    version "4.0.2"
    resolved "https://registry.npm.taobao.org/diff/download/diff-4.0.2.tgz?cache=0&other_urls=https%3A%2F%2Fregistry.npm.taobao.org%2Fdiff%2Fdownload%2Fdiff-4.0.2.tgz#60f3aecb89d5fae520c11aa19efc2bb982aade7d"
    integrity sha1-YPOuy4nV+uUgwRqhnvwruYKq3n0=
  
  elliptic@^6.5.4:
    version "6.5.4"
    resolved "https://registry.nlark.com/elliptic/download/elliptic-6.5.4.tgz#da37cebd31e79a1367e941b592ed1fbebd58abbb"
    integrity sha1-2jfOvTHnmhNn6UG1ku0fvr1Yq7s=
    dependencies:
      bn.js "^4.11.9"
      brorand "^1.1.0"
      hash.js "^1.0.0"
      hmac-drbg "^1.0.1"
      inherits "^2.0.4"
      minimalistic-assert "^1.0.1"
      minimalistic-crypto-utils "^1.0.1"
  
  es5-ext@^0.10.35, es5-ext@^0.10.50:
    version "0.10.53"
    resolved "https://registry.npm.taobao.org/es5-ext/download/es5-ext-0.10.53.tgz#93c5a3acfdbef275220ad72644ad02ee18368de1"
    integrity sha1-k8WjrP2+8nUiCtcmRK0C7hg2jeE=
    dependencies:
      es6-iterator "~2.0.3"
      es6-symbol "~3.1.3"
      next-tick "~1.0.0"
  
  es6-iterator@~2.0.3:
    version "2.0.3"
    resolved "https://registry.nlark.com/es6-iterator/download/es6-iterator-2.0.3.tgz#a7de889141a05a94b0854403b2d0a0fbfa98f3b7"
    integrity sha1-p96IkUGgWpSwhUQDstCg+/qY87c=
    dependencies:
      d "1"
      es5-ext "^0.10.35"
      es6-symbol "^3.1.1"
  
  es6-symbol@^3.1.1, es6-symbol@~3.1.3:
    version "3.1.3"
    resolved "https://registry.npm.taobao.org/es6-symbol/download/es6-symbol-3.1.3.tgz#bad5d3c1bcdac28269f4cb331e431c78ac705d18"
    integrity sha1-utXTwbzawoJp9MszHkMceKxwXRg=
    dependencies:
      d "^1.0.1"
      ext "^1.1.2"
  
  escape-string-regexp@^1.0.5:
    version "1.0.5"
    resolved "https://registry.nlark.com/escape-string-regexp/download/escape-string-regexp-1.0.5.tgz#1b61c0562190a8dff6ae3bb2cf0200ca130b86d4"
    integrity sha1-G2HAViGQqN/2rjuyzwIAyhMLhtQ=
  
  esprima@^4.0.0:
    version "4.0.1"
    resolved "https://registry.nlark.com/esprima/download/esprima-4.0.1.tgz#13b04cdb3e6c5d19df91ab6987a8695619b0aa71"
    integrity sha1-E7BM2z5sXRnfkatph6hpVhmwqnE=
  
  eventemitter3@^4.0.7:
    version "4.0.7"
    resolved "https://registry.npm.taobao.org/eventemitter3/download/eventemitter3-4.0.7.tgz?cache=0&sync_timestamp=1598517819668&other_urls=https%3A%2F%2Fregistry.npm.taobao.org%2Feventemitter3%2Fdownload%2Feventemitter3-4.0.7.tgz#2de9b68f6528d5644ef5c59526a1b4a07306169f"
    integrity sha1-Lem2j2Uo1WRO9cWVJqG0oHMGFp8=
  
  ext@^1.1.2:
    version "1.4.0"
    resolved "https://registry.npm.taobao.org/ext/download/ext-1.4.0.tgz#89ae7a07158f79d35517882904324077e4379244"
    integrity sha1-ia56BxWPedNVF4gpBDJAd+Q3kkQ=
    dependencies:
      type "^2.0.0"
  
  find-up@^5.0.0:
    version "5.0.0"
    resolved "https://registry.npm.taobao.org/find-up/download/find-up-5.0.0.tgz#4c92819ecb7083561e4f4a240a86be5198f536fc"
    integrity sha1-TJKBnstwg1YeT0okCoa+UZj1Nvw=
    dependencies:
      locate-path "^6.0.0"
      path-exists "^4.0.0"
  
  form-data@^3.0.0:
    version "3.0.1"
    resolved "https://registry.nlark.com/form-data/download/form-data-3.0.1.tgz#ebd53791b78356a99af9a300d4282c4d5eb9755f"
    integrity sha1-69U3kbeDVqma+aMA1CgsTV65dV8=
    dependencies:
      asynckit "^0.4.0"
      combined-stream "^1.0.8"
      mime-types "^2.1.12"
  
  fs.realpath@^1.0.0:
    version "1.0.0"
    resolved "https://registry.nlark.com/fs.realpath/download/fs.realpath-1.0.0.tgz#1504ad2523158caa40db4a2787cb01411994ea4f"
    integrity sha1-FQStJSMVjKpA20onh8sBQRmU6k8=
  
  function-bind@^1.1.1:
    version "1.1.1"
    resolved "https://registry.nlark.com/function-bind/download/function-bind-1.1.1.tgz#a56899d3ea3c9bab874bb9773b7c5ede92f4895d"
    integrity sha1-pWiZ0+o8m6uHS7l3O3xe3pL0iV0=
  
  glob@^7.1.1:
    version "7.1.7"
    resolved "https://registry.nlark.com/glob/download/glob-7.1.7.tgz?cache=0&sync_timestamp=1620337382269&other_urls=https%3A%2F%2Fregistry.nlark.com%2Fglob%2Fdownload%2Fglob-7.1.7.tgz#3b193e9233f01d42d0b3f78294bbeeb418f94a90"
    integrity sha1-Oxk+kjPwHULQs/eClLvutBj5SpA=
    dependencies:
      fs.realpath "^1.0.0"
      inflight "^1.0.4"
      inherits "2"
      minimatch "^3.0.4"
      once "^1.3.0"
      path-is-absolute "^1.0.0"
  
  has-flag@^3.0.0:
    version "3.0.0"
    resolved "https://registry.npm.taobao.org/has-flag/download/has-flag-3.0.0.tgz#b5d454dc2199ae225699f3467e5a07f3b955bafd"
    integrity sha1-tdRU3CGZriJWmfNGfloH87lVuv0=
  
  has@^1.0.3:
    version "1.0.3"
    resolved "https://registry.nlark.com/has/download/has-1.0.3.tgz#722d7cbfc1f6aa8241f16dd814e011e1f41e8796"
    integrity sha1-ci18v8H2qoJB8W3YFOAR4fQeh5Y=
    dependencies:
      function-bind "^1.1.1"
  
  hash-base@^3.0.0:
    version "3.1.0"
    resolved "https://registry.npm.taobao.org/hash-base/download/hash-base-3.1.0.tgz#55c381d9e06e1d2997a883b4a3fddfe7f0d3af33"
    integrity sha1-VcOB2eBuHSmXqIO0o/3f5/DTrzM=
    dependencies:
      inherits "^2.0.4"
      readable-stream "^3.6.0"
      safe-buffer "^5.2.0"
  
  hash.js@^1.0.0, hash.js@^1.0.3, hash.js@^1.1.7:
    version "1.1.7"
    resolved "https://registry.npm.taobao.org/hash.js/download/hash.js-1.1.7.tgz#0babca538e8d4ee4a0f8988d68866537a003cf42"
    integrity sha1-C6vKU46NTuSg+JiNaIZlN6ADz0I=
    dependencies:
      inherits "^2.0.3"
      minimalistic-assert "^1.0.1"
  
  hmac-drbg@^1.0.1:
    version "1.0.1"
    resolved "https://registry.npm.taobao.org/hmac-drbg/download/hmac-drbg-1.0.1.tgz#d2745701025a6c775a6c545793ed502fc0c649a1"
    integrity sha1-0nRXAQJabHdabFRXk+1QL8DGSaE=
    dependencies:
      hash.js "^1.0.3"
      minimalistic-assert "^1.0.0"
      minimalistic-crypto-utils "^1.0.1"
  
  inflight@^1.0.4:
    version "1.0.6"
    resolved "https://registry.npm.taobao.org/inflight/download/inflight-1.0.6.tgz#49bd6331d7d02d0c09bc910a1075ba8165b56df9"
    integrity sha1-Sb1jMdfQLQwJvJEKEHW6gWW1bfk=
    dependencies:
      once "^1.3.0"
      wrappy "1"
  
  inherits@2, inherits@^2.0.1, inherits@^2.0.3, inherits@^2.0.4:
    version "2.0.4"
    resolved "https://registry.nlark.com/inherits/download/inherits-2.0.4.tgz#0fa2c64f932917c3433a0ded55363aae37416b7c"
    integrity sha1-D6LGT5MpF8NDOg3tVTY6rjdBa3w=
  
  ip-regex@^4.3.0:
    version "4.3.0"
    resolved "https://registry.nlark.com/ip-regex/download/ip-regex-4.3.0.tgz?cache=0&sync_timestamp=1618846943469&other_urls=https%3A%2F%2Fregistry.nlark.com%2Fip-regex%2Fdownload%2Fip-regex-4.3.0.tgz#687275ab0f57fa76978ff8f4dddc8a23d5990db5"
    integrity sha1-aHJ1qw9X+naXj/j03dyKI9WZDbU=
  
  is-core-module@^2.2.0:
    version "2.4.0"
    resolved "https://registry.nlark.com/is-core-module/download/is-core-module-2.4.0.tgz#8e9fc8e15027b011418026e98f0e6f4d86305cc1"
    integrity sha1-jp/I4VAnsBFBgCbpjw5vTYYwXME=
    dependencies:
      has "^1.0.3"
  
  is-typedarray@^1.0.0:
    version "1.0.0"
    resolved "https://registry.npm.taobao.org/is-typedarray/download/is-typedarray-1.0.0.tgz#e479c80858df0c1b11ddda6940f96011fcda4a9a"
    integrity sha1-5HnICFjfDBsR3dppQPlgEfzaSpo=
  
  js-sha3@^0.8.0:
    version "0.8.0"
    resolved "https://registry.npm.taobao.org/js-sha3/download/js-sha3-0.8.0.tgz#b9b7a5da73afad7dedd0f8c463954cbde6818840"
    integrity sha1-ubel2nOvrX3t0PjEY5VMveaBiEA=
  
  js-tokens@^4.0.0:
    version "4.0.0"
    resolved "https://registry.nlark.com/js-tokens/download/js-tokens-4.0.0.tgz#19203fb59991df98e3a287050d4647cdeaf32499"
    integrity sha1-GSA/tZmR35jjoocFDUZHzerzJJk=
  
  js-yaml@^3.13.1:
    version "3.14.1"
    resolved "https://registry.npm.taobao.org/js-yaml/download/js-yaml-3.14.1.tgz?cache=0&sync_timestamp=1618435151523&other_urls=https%3A%2F%2Fregistry.npm.taobao.org%2Fjs-yaml%2Fdownload%2Fjs-yaml-3.14.1.tgz#dae812fdb3825fa306609a8717383c50c36a0537"
    integrity sha1-2ugS/bOCX6MGYJqHFzg8UMNqBTc=
    dependencies:
      argparse "^1.0.7"
      esprima "^4.0.0"
  
  locate-path@^6.0.0:
    version "6.0.0"
    resolved "https://registry.npm.taobao.org/locate-path/download/locate-path-6.0.0.tgz#55321eb309febbc59c4801d931a72452a681d286"
    integrity sha1-VTIeswn+u8WcSAHZMackUqaB0oY=
    dependencies:
      p-locate "^5.0.0"
  
  make-error@^1.1.1:
    version "1.3.6"
    resolved "https://registry.nlark.com/make-error/download/make-error-1.3.6.tgz#2eb2e37ea9b67c4891f684a1394799af484cf7a2"
    integrity sha1-LrLjfqm2fEiR9oShOUeZr0hM96I=
  
  md5.js@^1.3.4:
    version "1.3.5"
    resolved "https://registry.npm.taobao.org/md5.js/download/md5.js-1.3.5.tgz#b5d07b8e3216e3e27cd728d72f70d1e6a342005f"
    integrity sha1-tdB7jjIW4+J81yjXL3DR5qNCAF8=
    dependencies:
      hash-base "^3.0.0"
      inherits "^2.0.1"
      safe-buffer "^5.1.2"
  
  mime-db@1.47.0:
    version "1.47.0"
    resolved "https://registry.npm.taobao.org/mime-db/download/mime-db-1.47.0.tgz#8cb313e59965d3c05cfbf898915a267af46a335c"
    integrity sha1-jLMT5Zll08Bc+/iYkVomevRqM1w=
  
  mime-types@^2.1.12:
    version "2.1.30"
    resolved "https://registry.npm.taobao.org/mime-types/download/mime-types-2.1.30.tgz?cache=0&sync_timestamp=1617340140598&other_urls=https%3A%2F%2Fregistry.npm.taobao.org%2Fmime-types%2Fdownload%2Fmime-types-2.1.30.tgz#6e7be8b4c479825f85ed6326695db73f9305d62d"
    integrity sha1-bnvotMR5gl+F7WMmaV23P5MF1i0=
    dependencies:
      mime-db "1.47.0"
  
  minimalistic-assert@^1.0.0, minimalistic-assert@^1.0.1:
    version "1.0.1"
    resolved "https://registry.nlark.com/minimalistic-assert/download/minimalistic-assert-1.0.1.tgz#2e194de044626d4a10e7f7fbc00ce73e83e4d5c7"
    integrity sha1-LhlN4ERibUoQ5/f7wAznPoPk1cc=
  
  minimalistic-crypto-utils@^1.0.1:
    version "1.0.1"
    resolved "https://registry.nlark.com/minimalistic-crypto-utils/download/minimalistic-crypto-utils-1.0.1.tgz#f6c00c1c0b082246e5c4d99dfb8c7c083b2b582a"
    integrity sha1-9sAMHAsIIkblxNmd+4x8CDsrWCo=
  
  minimatch@^3.0.4:
    version "3.0.4"
    resolved "https://registry.npm.taobao.org/minimatch/download/minimatch-3.0.4.tgz#5166e286457f03306064be5497e8dbb0c3d32083"
    integrity sha1-UWbihkV/AzBgZL5Ul+jbsMPTIIM=
    dependencies:
      brace-expansion "^1.1.7"
  
  minimist@^1.2.5:
    version "1.2.5"
    resolved "https://registry.npm.taobao.org/minimist/download/minimist-1.2.5.tgz#67d66014b66a6a8aaa0c083c5fd58df4e4e97602"
    integrity sha1-Z9ZgFLZqaoqqDAg8X9WN9OTpdgI=
  
  mkdirp@^0.5.3:
    version "0.5.5"
    resolved "https://registry.npm.taobao.org/mkdirp/download/mkdirp-0.5.5.tgz#d91cefd62d1436ca0f41620e251288d420099def"
    integrity sha1-2Rzv1i0UNsoPQWIOJRKI1CAJne8=
    dependencies:
      minimist "^1.2.5"
  
  ms@2.0.0:
    version "2.0.0"
    resolved "https://registry.npm.taobao.org/ms/download/ms-2.0.0.tgz?cache=0&sync_timestamp=1607433899126&other_urls=https%3A%2F%2Fregistry.npm.taobao.org%2Fms%2Fdownload%2Fms-2.0.0.tgz#5608aeadfc00be6c2901df5f9861788de0d597c8"
    integrity sha1-VgiurfwAvmwpAd9fmGF4jeDVl8g=
  
  next-tick@~1.0.0:
    version "1.0.0"
    resolved "https://registry.npm.taobao.org/next-tick/download/next-tick-1.0.0.tgz#ca86d1fe8828169b0120208e3dc8424b9db8342c"
    integrity sha1-yobR/ogoFpsBICCOPchCS524NCw=
  
  node-fetch@^2.6.1:
    version "2.6.1"
    resolved "https://registry.nlark.com/node-fetch/download/node-fetch-2.6.1.tgz?cache=0&other_urls=https%3A%2F%2Fregistry.nlark.com%2Fnode-fetch%2Fdownload%2Fnode-fetch-2.6.1.tgz#045bd323631f76ed2e2b55573394416b639a0052"
    integrity sha1-BFvTI2Mfdu0uK1VXM5RBa2OaAFI=
  
  node-gyp-build@^4.2.0:
    version "4.2.3"
    resolved "https://registry.npm.taobao.org/node-gyp-build/download/node-gyp-build-4.2.3.tgz#ce6277f853835f718829efb47db20f3e4d9c4739"
    integrity sha1-zmJ3+FODX3GIKe+0fbIPPk2cRzk=
  
  once@^1.3.0:
    version "1.4.0"
    resolved "https://registry.nlark.com/once/download/once-1.4.0.tgz#583b1aa775961d4b113ac17d9c50baef9dd76bd1"
    integrity sha1-WDsap3WWHUsROsF9nFC6753Xa9E=
    dependencies:
      wrappy "1"
  
  p-limit@^3.0.2:
    version "3.1.0"
    resolved "https://registry.npm.taobao.org/p-limit/download/p-limit-3.1.0.tgz?cache=0&sync_timestamp=1606290276843&other_urls=https%3A%2F%2Fregistry.npm.taobao.org%2Fp-limit%2Fdownload%2Fp-limit-3.1.0.tgz#e1daccbe78d0d1388ca18c64fea38e3e57e3706b"
    integrity sha1-4drMvnjQ0TiMoYxk/qOOPlfjcGs=
    dependencies:
      yocto-queue "^0.1.0"
  
  p-locate@^5.0.0:
    version "5.0.0"
    resolved "https://registry.npm.taobao.org/p-locate/download/p-locate-5.0.0.tgz#83c8315c6785005e3bd021839411c9e110e6d834"
    integrity sha1-g8gxXGeFAF470CGDlBHJ4RDm2DQ=
    dependencies:
      p-limit "^3.0.2"
  
  path-exists@^4.0.0:
    version "4.0.0"
    resolved "https://registry.npm.taobao.org/path-exists/download/path-exists-4.0.0.tgz#513bdbe2d3b95d7762e8c1137efa195c6c61b5b3"
    integrity sha1-UTvb4tO5XXdi6METfvoZXGxhtbM=
  
  path-is-absolute@^1.0.0:
    version "1.0.1"
    resolved "https://registry.npm.taobao.org/path-is-absolute/download/path-is-absolute-1.0.1.tgz#174b9268735534ffbc7ace6bf53a5a9e1b5c5f5f"
    integrity sha1-F0uSaHNVNP+8es5r9TpanhtcX18=
  
  path-parse@^1.0.6:
    version "1.0.7"
    resolved "https://registry.nlark.com/path-parse/download/path-parse-1.0.7.tgz#fbc114b60ca42b30d9daf5858e4bd68bbedb6735"
    integrity sha1-+8EUtgykKzDZ2vWFjkvWi77bZzU=
  
  readable-stream@^3.6.0:
    version "3.6.0"
    resolved "https://registry.nlark.com/readable-stream/download/readable-stream-3.6.0.tgz#337bbda3adc0706bd3e024426a286d4b4b2c9198"
    integrity sha1-M3u9o63AcGvT4CRCaihtS0sskZg=
    dependencies:
      inherits "^2.0.3"
      string_decoder "^1.1.1"
      util-deprecate "^1.0.1"
  
  regenerator-runtime@^0.13.4:
    version "0.13.7"
    resolved "https://registry.nlark.com/regenerator-runtime/download/regenerator-runtime-0.13.7.tgz#cac2dacc8a1ea675feaabaeb8ae833898ae46f55"
    integrity sha1-ysLazIoepnX+qrrriugziYrkb1U=
  
  resolve@^1.3.2:
    version "1.20.0"
    resolved "https://registry.npm.taobao.org/resolve/download/resolve-1.20.0.tgz#629a013fb3f70755d6f0b7935cc1c2c5378b1975"
    integrity sha1-YpoBP7P3B1XW8LeTXMHCxTeLGXU=
    dependencies:
      is-core-module "^2.2.0"
      path-parse "^1.0.6"
  
  ripemd160@^2.0.1:
    version "2.0.2"
    resolved "https://registry.npm.taobao.org/ripemd160/download/ripemd160-2.0.2.tgz#a1c1a6f624751577ba5d07914cbc92850585890c"
    integrity sha1-ocGm9iR1FXe6XQeRTLyShQWFiQw=
    dependencies:
      hash-base "^3.0.0"
      inherits "^2.0.1"
  
  rxjs@^6.6.7:
    version "6.6.7"
    resolved "https://registry.nlark.com/rxjs/download/rxjs-6.6.7.tgz?cache=0&sync_timestamp=1621619391474&other_urls=https%3A%2F%2Fregistry.nlark.com%2Frxjs%2Fdownload%2Frxjs-6.6.7.tgz#90ac018acabf491bf65044235d5863c4dab804c9"
    integrity sha1-kKwBisq/SRv2UEQjXVhjxNq4BMk=
    dependencies:
      tslib "^1.9.0"
  
  safe-buffer@^5.0.1, safe-buffer@^5.1.2, safe-buffer@^5.2.0, safe-buffer@~5.2.0:
    version "5.2.1"
    resolved "https://registry.nlark.com/safe-buffer/download/safe-buffer-5.2.1.tgz#1eaf9fa9bdb1fdd4ec75f58f9cdb4e6b7827eec6"
    integrity sha1-Hq+fqb2x/dTsdfWPnNtOa3gn7sY=
  
  scryptsy@^2.1.0:
    version "2.1.0"
    resolved "https://registry.npm.taobao.org/scryptsy/download/scryptsy-2.1.0.tgz#8d1e8d0c025b58fdd25b6fa9a0dc905ee8faa790"
    integrity sha1-jR6NDAJbWP3SW2+poNyQXuj6p5A=
  
  semver@^5.3.0:
    version "5.7.1"
    resolved "https://registry.nlark.com/semver/download/semver-5.7.1.tgz?cache=0&sync_timestamp=1618846864940&other_urls=https%3A%2F%2Fregistry.nlark.com%2Fsemver%2Fdownload%2Fsemver-5.7.1.tgz#a954f931aeba508d307bbf069eff0c01c96116f7"
    integrity sha1-qVT5Ma66UI0we78Gnv8MAclhFvc=
  
  sha.js@^2.4.0:
    version "2.4.11"
    resolved "https://registry.npm.taobao.org/sha.js/download/sha.js-2.4.11.tgz#37a5cf0b81ecbc6943de109ba2960d1b26584ae7"
    integrity sha1-N6XPC4HsvGlD3hCbopYNGyZYSuc=
    dependencies:
      inherits "^2.0.1"
      safe-buffer "^5.0.1"
  
  source-map-support@^0.5.17:
    version "0.5.19"
    resolved "https://registry.npm.taobao.org/source-map-support/download/source-map-support-0.5.19.tgz?cache=0&other_urls=https%3A%2F%2Fregistry.npm.taobao.org%2Fsource-map-support%2Fdownload%2Fsource-map-support-0.5.19.tgz#a98b62f86dcaf4f67399648c085291ab9e8fed61"
    integrity sha1-qYti+G3K9PZzmWSMCFKRq56P7WE=
    dependencies:
      buffer-from "^1.0.0"
      source-map "^0.6.0"
  
  source-map@^0.6.0:
    version "0.6.1"
    resolved "https://registry.nlark.com/source-map/download/source-map-0.6.1.tgz#74722af32e9614e9c287a8d0bbde48b5e2f1a263"
    integrity sha1-dHIq8y6WFOnCh6jQu95IteLxomM=
  
  sprintf-js@~1.0.2:
    version "1.0.3"
    resolved "https://registry.nlark.com/sprintf-js/download/sprintf-js-1.0.3.tgz#04e6926f662895354f3dd015203633b857297e2c"
    integrity sha1-BOaSb2YolTVPPdAVIDYzuFcpfiw=
  
  string_decoder@^1.1.1:
    version "1.3.0"
    resolved "https://registry.nlark.com/string_decoder/download/string_decoder-1.3.0.tgz#42f114594a46cf1a8e30b0a84f56c78c3edac21e"
    integrity sha1-QvEUWUpGzxqOMLCoT1bHjD7awh4=
    dependencies:
      safe-buffer "~5.2.0"
  
  supports-color@^5.3.0:
    version "5.5.0"
    resolved "https://registry.npm.taobao.org/supports-color/download/supports-color-5.5.0.tgz?cache=0&sync_timestamp=1618560959124&other_urls=https%3A%2F%2Fregistry.npm.taobao.org%2Fsupports-color%2Fdownload%2Fsupports-color-5.5.0.tgz#e2e69a44ac8772f78a1ec0b35b689df6530efc8f"
    integrity sha1-4uaaRKyHcveKHsCzW2id9lMO/I8=
    dependencies:
      has-flag "^3.0.0"
  
  ts-node@^10.0.0:
    version "10.0.0"
    resolved "https://registry.nlark.com/ts-node/download/ts-node-10.0.0.tgz?cache=0&sync_timestamp=1621798304685&other_urls=https%3A%2F%2Fregistry.nlark.com%2Fts-node%2Fdownload%2Fts-node-10.0.0.tgz#05f10b9a716b0b624129ad44f0ea05dac84ba3be"
    integrity sha1-BfELmnFrC2JBKa1E8OoF2shLo74=
    dependencies:
      "@tsconfig/node10" "^1.0.7"
      "@tsconfig/node12" "^1.0.7"
      "@tsconfig/node14" "^1.0.0"
      "@tsconfig/node16" "^1.0.1"
      arg "^4.1.0"
      create-require "^1.1.0"
      diff "^4.0.1"
      make-error "^1.1.1"
      source-map-support "^0.5.17"
      yn "3.1.1"
  
  tslib@^1.13.0, tslib@^1.8.1, tslib@^1.9.0:
    version "1.14.1"
    resolved "https://registry.nlark.com/tslib/download/tslib-1.14.1.tgz?cache=0&sync_timestamp=1618847097275&other_urls=https%3A%2F%2Fregistry.nlark.com%2Ftslib%2Fdownload%2Ftslib-1.14.1.tgz#cf2d38bdc34a134bcaf1091c41f6619e2f672d00"
    integrity sha1-zy04vcNKE0vK8QkcQfZhni9nLQA=
  
  tslint@^6.1.3:
    version "6.1.3"
    resolved "https://registry.nlark.com/tslint/download/tslint-6.1.3.tgz?cache=0&sync_timestamp=1618847624538&other_urls=https%3A%2F%2Fregistry.nlark.com%2Ftslint%2Fdownload%2Ftslint-6.1.3.tgz#5c23b2eccc32487d5523bd3a470e9aa31789d904"
    integrity sha1-XCOy7MwySH1VI706Rw6aoxeJ2QQ=
    dependencies:
      "@babel/code-frame" "^7.0.0"
      builtin-modules "^1.1.1"
      chalk "^2.3.0"
      commander "^2.12.1"
      diff "^4.0.1"
      glob "^7.1.1"
      js-yaml "^3.13.1"
      minimatch "^3.0.4"
      mkdirp "^0.5.3"
      resolve "^1.3.2"
      semver "^5.3.0"
      tslib "^1.13.0"
      tsutils "^2.29.0"
  
  tsutils@^2.29.0:
    version "2.29.0"
    resolved "https://registry.npm.taobao.org/tsutils/download/tsutils-2.29.0.tgz#32b488501467acbedd4b85498673a0812aca0b99"
    integrity sha1-MrSIUBRnrL7dS4VJhnOggSrKC5k=
    dependencies:
      tslib "^1.8.1"
  
  tweetnacl@^1.0.3:
    version "1.0.3"
    resolved "https://registry.npm.taobao.org/tweetnacl/download/tweetnacl-1.0.3.tgz#ac0af71680458d8a6378d0d0d050ab1407d35596"
    integrity sha1-rAr3FoBFjYpjeNDQ0FCrFAfTVZY=
  
  type@^1.0.1:
    version "1.2.0"
    resolved "https://registry.npm.taobao.org/type/download/type-1.2.0.tgz#848dd7698dafa3e54a6c479e759c4bc3f18847a0"
    integrity sha1-hI3XaY2vo+VKbEeedZxLw/GIR6A=
  
  type@^2.0.0:
    version "2.5.0"
    resolved "https://registry.npm.taobao.org/type/download/type-2.5.0.tgz#0a2e78c2e77907b252abe5f298c1b01c63f0db3d"
    integrity sha1-Ci54wud5B7JSq+XymMGwHGPw2z0=
  
  typedarray-to-buffer@^3.1.5:
    version "3.1.5"
    resolved "https://registry.npm.taobao.org/typedarray-to-buffer/download/typedarray-to-buffer-3.1.5.tgz#a97ee7a9ff42691b9f783ff1bc5112fe3fca9080"
    integrity sha1-qX7nqf9CaRufeD/xvFES/j/KkIA=
    dependencies:
      is-typedarray "^1.0.0"
  
  typescript@^4.2.4:
    version "4.3.2"
    resolved "https://registry.nlark.com/typescript/download/typescript-4.3.2.tgz?cache=0&sync_timestamp=1622100951079&other_urls=https%3A%2F%2Fregistry.nlark.com%2Ftypescript%2Fdownload%2Ftypescript-4.3.2.tgz#399ab18aac45802d6f2498de5054fcbbe716a805"
    integrity sha1-OZqxiqxFgC1vJJjeUFT8u+cWqAU=
  
  utf-8-validate@^5.0.2:
    version "5.0.5"
    resolved "https://registry.nlark.com/utf-8-validate/download/utf-8-validate-5.0.5.tgz?cache=0&sync_timestamp=1620067993025&other_urls=https%3A%2F%2Fregistry.nlark.com%2Futf-8-validate%2Fdownload%2Futf-8-validate-5.0.5.tgz#dd32c2e82c72002dc9f02eb67ba6761f43456ca1"
    integrity sha1-3TLC6CxyAC3J8C62e6Z2H0NFbKE=
    dependencies:
      node-gyp-build "^4.2.0"
  
  util-deprecate@^1.0.1:
    version "1.0.2"
    resolved "https://registry.npm.taobao.org/util-deprecate/download/util-deprecate-1.0.2.tgz#450d4dc9fa70de732762fbd2d4a28981419a0ccf"
    integrity sha1-RQ1Nyfpw3nMnYvvS1KKJgUGaDM8=
  
  websocket@^1.0.34:
    version "1.0.34"
    resolved "https://registry.npm.taobao.org/websocket/download/websocket-1.0.34.tgz#2bdc2602c08bf2c82253b730655c0ef7dcab3111"
    integrity sha1-K9wmAsCL8sgiU7cwZVwO99yrMRE=
    dependencies:
      bufferutil "^4.0.1"
      debug "^2.2.0"
      es5-ext "^0.10.50"
      typedarray-to-buffer "^3.1.5"
      utf-8-validate "^5.0.2"
      yaeti "^0.0.6"
  
  wrappy@1:
    version "1.0.2"
    resolved "https://registry.nlark.com/wrappy/download/wrappy-1.0.2.tgz?cache=0&sync_timestamp=1619133505879&other_urls=https%3A%2F%2Fregistry.nlark.com%2Fwrappy%2Fdownload%2Fwrappy-1.0.2.tgz#b5243d8f3ec1aa35f1364605bc0d1036e30ab69f"
    integrity sha1-tSQ9jz7BqjXxNkYFvA0QNuMKtp8=
  
  xxhashjs@^0.2.2:
    version "0.2.2"
    resolved "https://registry.nlark.com/xxhashjs/download/xxhashjs-0.2.2.tgz#8a6251567621a1c46a5ae204da0249c7f8caa9d8"
    integrity sha1-imJRVnYhocRqWuIE2gJJx/jKqdg=
    dependencies:
      cuint "^0.2.2"
  
  yaeti@^0.0.6:
    version "0.0.6"
    resolved "https://registry.npm.taobao.org/yaeti/download/yaeti-0.0.6.tgz#f26f484d72684cf42bedfb76970aa1608fbf9577"
    integrity sha1-8m9ITXJoTPQr7ft2lwqhYI+/lXc=
  
  yn@3.1.1:
    version "3.1.1"
    resolved "https://registry.npm.taobao.org/yn/download/yn-3.1.1.tgz#1e87401a09d767c1d5eab26a6e4c185182d2eb50"
    integrity sha1-HodAGgnXZ8HV6rJqbkwYUYLS61A=
  
  yocto-queue@^0.1.0:
    version "0.1.0"
    resolved "https://registry.npm.taobao.org/yocto-queue/download/yocto-queue-0.1.0.tgz?cache=0&sync_timestamp=1606290282107&other_urls=https%3A%2F%2Fregistry.npm.taobao.org%2Fyocto-queue%2Fdownload%2Fyocto-queue-0.1.0.tgz#0294eb3dee05028d31ee1a5fa2c556a6aaf10a1b"
    integrity sha1-ApTrPe4FAo0x7hpfosVWpqrxChs=
